00000000000i[     ] Bochs x86 Emulator 2.6.2
00000000000i[     ]   Built from SVN snapshot on May 26, 2013
00000000000i[     ] Compiled on Mar 28 2025 at 04:21:06
00000000000i[     ] System configuration
00000000000i[     ]   processors: 1 (cores=1, HT threads=1)
00000000000i[     ]   A20 line support: yes
00000000000i[     ] IPS is set to 1000000
00000000000i[     ] CPU configuration
00000000000i[     ]   SMP support: no
00000000000i[     ]   Using pre-defined CPU configuration: amd_k6_2_chomper
00000000000i[     ] Optimization configuration
00000000000i[     ]   RepeatSpeedups support: no
00000000000i[     ]   Fast function calls: no
00000000000i[     ]   Handlers Chaining speedups: no
00000000000i[     ] Devices configuration
00000000000i[     ]   NE2000 support: no
00000000000i[     ]   PCI support: yes, enabled=yes
00000000000i[     ]   SB16 support: no
00000000000i[     ]   USB support: no
00000000000i[     ]   VGA extension support: vbe
00000000000i[MEM0 ] allocated memory at 0x7f524e303010. after alignment, vector=0x7f524e304000
00000000000i[MEM0 ] 32.00MB
00000000000i[MEM0 ] mem block size = 0x00100000, blocks=32
00000000000i[MEM0 ] rom at 0xfffe0000/131072 ('/home/zcm/bochs/share/bochs/BIOS-bochs-latest')
00000000000i[CPU0 ] WARNING: 3DNow! is not implemented yet !
00000000000i[     ] init_dev of 'pci' plugin device by virtual method
00000000000i[DEV  ] i440FX PMC present at device 0, function 0
00000000000i[     ] init_dev of 'pci2isa' plugin device by virtual method
00000000000i[DEV  ] PIIX3 PCI-to-ISA bridge present at device 1, function 0
00000000000i[     ] init_dev of 'cmos' plugin device by virtual method
00000000000i[CMOS ] Using local time for initial clock
00000000000i[CMOS ] Setting initial clock to: Thu Jun  5 06:35:00 2025 (time0=1749130500)
00000000000i[     ] init_dev of 'dma' plugin device by virtual method
00000000000i[DMA  ] channel 4 used by cascade
00000000000i[     ] init_dev of 'pic' plugin device by virtual method
00000000000i[     ] init_dev of 'pit' plugin device by virtual method
00000000000i[     ] init_dev of 'floppy' plugin device by virtual method
00000000000i[DMA  ] channel 2 used by Floppy Drive
00000000000i[     ] init_dev of 'vga' plugin device by virtual method
00000000000i[MEM0 ] Register memory access handlers: 0x0000000a0000 - 0x0000000bffff
00000000000i[VGA  ] interval=200000
00000000000i[MEM0 ] Register memory access handlers: 0x0000e0000000 - 0x0000e0ffffff
00000000000i[BXVGA] VBE Bochs Display Extension Enabled
00000000000i[XGUI ] test_alloc_colors: 16 colors available out of 16 colors tried
00000000000i[XGUI ] font 8 wide x 16 high, display depth = 24
00000000000i[KMAP ] Loading keymap from '/home/zcm/bochs/share/bochs/keymaps/x11-pc-us.map'
00000000000i[KMAP ] Loaded 168 symbols
00000000000i[MEM0 ] rom at 0xc0000/41472 ('/home/zcm/bochs/share/bochs/VGABIOS-lgpl-latest')
00000000000i[     ] init_dev of 'acpi' plugin device by virtual method
00000000000i[DEV  ] ACPI Controller present at device 1, function 3
00000000000i[     ] init_dev of 'ioapic' plugin device by virtual method
00000000000i[IOAP ] initializing I/O APIC
00000000000i[MEM0 ] Register memory access handlers: 0x0000fec00000 - 0x0000fec00fff
00000000000i[IOAP ] IOAPIC enabled (base address = 0xfec00000)
00000000000i[     ] init_dev of 'keyboard' plugin device by virtual method
00000000000i[KBD  ] will paste characters every 400 keyboard ticks
00000000000i[     ] init_dev of 'harddrv' plugin device by virtual method
00000000000i[HD   ] HD on ata0-0: 'hd60M.img', 'flat' mode
00000000000i[IMG  ] hd_size: 62447616
00000000000i[HD   ] ata0-0: using specified geometry: CHS=121/16/63
00000000000i[HD   ] translation on ata0-0 set to 'none'
00000000000i[HD   ] Using boot sequence disk, none, none
00000000000i[HD   ] Floppy boot signature check is enabled
00000000000i[     ] init_dev of 'pci_ide' plugin device by virtual method
00000000000i[DEV  ] PIIX3 PCI IDE controller present at device 1, function 1
00000000000i[     ] init_dev of 'unmapped' plugin device by virtual method
00000000000i[     ] init_dev of 'biosdev' plugin device by virtual method
00000000000i[     ] init_dev of 'speaker' plugin device by virtual method
00000000000i[     ] init_dev of 'extfpuirq' plugin device by virtual method
00000000000i[     ] init_dev of 'parallel' plugin device by virtual method
00000000000i[PAR  ] parallel port 1 at 0x0378 irq 7
00000000000i[     ] init_dev of 'serial' plugin device by virtual method
00000000000i[SER  ] com1 at 0x03f8 irq 4
00000000000i[     ] init_dev of 'iodebug' plugin device by virtual method
00000000000i[     ] register state of 'pci' plugin device by virtual method
00000000000i[     ] register state of 'pci2isa' plugin device by virtual method
00000000000i[     ] register state of 'cmos' plugin device by virtual method
00000000000i[     ] register state of 'dma' plugin device by virtual method
00000000000i[     ] register state of 'pic' plugin device by virtual method
00000000000i[     ] register state of 'pit' plugin device by virtual method
00000000000i[     ] register state of 'floppy' plugin device by virtual method
00000000000i[     ] register state of 'vga' plugin device by virtual method
00000000000i[     ] register state of 'unmapped' plugin device by virtual method
00000000000i[     ] register state of 'biosdev' plugin device by virtual method
00000000000i[     ] register state of 'speaker' plugin device by virtual method
00000000000i[     ] register state of 'extfpuirq' plugin device by virtual method
00000000000i[     ] register state of 'parallel' plugin device by virtual method
00000000000i[     ] register state of 'serial' plugin device by virtual method
00000000000i[     ] register state of 'iodebug' plugin device by virtual method
00000000000i[     ] register state of 'acpi' plugin device by virtual method
00000000000i[     ] register state of 'ioapic' plugin device by virtual method
00000000000i[     ] register state of 'keyboard' plugin device by virtual method
00000000000i[     ] register state of 'harddrv' plugin device by virtual method
00000000000i[     ] register state of 'pci_ide' plugin device by virtual method
00000000000i[SYS  ] bx_pc_system_c::Reset(HARDWARE) called
00000000000i[CPU0 ] cpu hardware reset
00000000000i[APIC0] allocate APIC id=0 (MMIO enabled) to 0x0000fee00000
00000000000i[CPU0 ] CPUID[0x00000000]: 00000001 68747541 444d4163 69746e65
00000000000i[CPU0 ] CPUID[0x00000001]: 00000580 00000000 00000000 008203bf
00000000000i[CPU0 ] CPUID[0x80000000]: 80000005 00000000 00000000 00000000
00000000000i[CPU0 ] CPUID[0x80000001]: 00000680 00000000 00000000 80820bbf
00000000000i[CPU0 ] CPUID[0x80000002]: 2d444d41 7428364b 3320296d 72702044
00000000000i[CPU0 ] CPUID[0x80000003]: 7365636f 00726f73 00000000 00000000
00000000000i[CPU0 ] CPUID[0x80000004]: 00000000 00000000 00000000 00000000
00000000000i[CPU0 ] CPUID[0x80000005]: 00000000 02800140 20020220 20020220
00000000000i[CPU0 ] CPUID[0x8fffffff]: 4778654e 72656e65 6f697461 444d416e
00000000000i[     ] reset of 'pci' plugin device by virtual method
00000000000i[     ] reset of 'pci2isa' plugin device by virtual method
00000000000i[     ] reset of 'cmos' plugin device by virtual method
00000000000i[     ] reset of 'dma' plugin device by virtual method
00000000000i[     ] reset of 'pic' plugin device by virtual method
00000000000i[     ] reset of 'pit' plugin device by virtual method
00000000000i[     ] reset of 'floppy' plugin device by virtual method
00000000000i[     ] reset of 'vga' plugin device by virtual method
00000000000i[     ] reset of 'acpi' plugin device by virtual method
00000000000i[     ] reset of 'ioapic' plugin device by virtual method
00000000000i[     ] reset of 'keyboard' plugin device by virtual method
00000000000i[     ] reset of 'harddrv' plugin device by virtual method
00000000000i[     ] reset of 'pci_ide' plugin device by virtual method
00000000000i[     ] reset of 'unmapped' plugin device by virtual method
00000000000i[     ] reset of 'biosdev' plugin device by virtual method
00000000000i[     ] reset of 'speaker' plugin device by virtual method
00000000000e[SPEAK] Failed to open /dev/console: Permission denied
00000000000e[SPEAK] Deactivating beep on console
00000000000i[     ] reset of 'extfpuirq' plugin device by virtual method
00000000000i[     ] reset of 'parallel' plugin device by virtual method
00000000000i[     ] reset of 'serial' plugin device by virtual method
00000000000i[     ] reset of 'iodebug' plugin device by virtual method
00000000000i[XGUI ] Mouse capture off
00000000000i[     ] set SIGINT handler to bx_debug_ctrlc_handler
00000000000i[XGUI ] Mouse capture off
00000000025i[MEM0 ] allocate_block: block=0x0 used 0x1 of 0x20
00000004661i[BIOS ] $Revision: 11545 $ $Date: 2012-11-11 09:11:17 +0100 (So, 11. Nov 2012) $
00000317041i[KBD  ] reset-disable command received
00000318331i[BIOS ] Starting rombios32
00000318765i[BIOS ] Shutdown flag 0
00000319360i[BIOS ] ram_size=0x02000000
00000319781i[BIOS ] ram_end=32MB
00000330396i[BIOS ] Found 1 cpu(s)
00000344583i[BIOS ] bios_table_addr: 0x000fa448 end=0x000fcc00
00000672380i[PCI  ] i440FX PMC write to PAM register 59 (TLB Flush)
00001000307i[P2I  ] PCI IRQ routing: PIRQA# set to 0x0b
00001000326i[P2I  ] PCI IRQ routing: PIRQB# set to 0x09
00001000345i[P2I  ] PCI IRQ routing: PIRQC# set to 0x0b
00001000364i[P2I  ] PCI IRQ routing: PIRQD# set to 0x09
00001000374i[P2I  ] write: ELCR2 = 0x0a
00001001140i[BIOS ] PIIX3/PIIX4 init: elcr=00 0a
00001008813i[BIOS ] PCI: bus=0 devfn=0x00: vendor_id=0x8086 device_id=0x1237 class=0x0600
00001011083i[BIOS ] PCI: bus=0 devfn=0x08: vendor_id=0x8086 device_id=0x7000 class=0x0601
00001013192i[BIOS ] PCI: bus=0 devfn=0x09: vendor_id=0x8086 device_id=0x7010 class=0x0101
00001013421i[PIDE ] new BM-DMA address: 0xc000
00001014038i[BIOS ] region 4: 0x0000c000
00001016063i[BIOS ] PCI: bus=0 devfn=0x0b: vendor_id=0x8086 device_id=0x7113 class=0x0680
00001016296i[ACPI ] new irq line = 11
00001016308i[ACPI ] new irq line = 9
00001016337i[ACPI ] new PM base address: 0xb000
00001016351i[ACPI ] new SM base address: 0xb100
00001016379i[PCI  ] setting SMRAM control register to 0x4a
00001180470i[CPU0 ] Enter to System Management Mode
00001180481i[CPU0 ] RSM: Resuming from System Management Mode
00001344499i[PCI  ] setting SMRAM control register to 0x0a
00001359392i[BIOS ] MP table addr=0x000fa520 MPC table addr=0x000fa450 size=0xc8
00001361148i[BIOS ] SMBIOS table addr=0x000fa530
00001361206i[MEM0 ] allocate_block: block=0x1f used 0x2 of 0x20
00001363343i[BIOS ] ACPI tables: RSDP addr=0x000fa650 ACPI DATA addr=0x01ff0000 size=0xf72
00001366540i[BIOS ] Firmware waking vector 0x1ff00cc
00001368338i[PCI  ] i440FX PMC write to PAM register 59 (TLB Flush)
00001369066i[BIOS ] bios_table_cur_addr: 0x000fa674
00001496683i[VBIOS] VGABios $Id: vgabios.c,v 1.75 2011/10/15 14:07:21 vruppert Exp $
00001496754i[BXVGA] VBE known Display Interface b0c0
00001496786i[BXVGA] VBE known Display Interface b0c5
00001499711i[VBIOS] VBE Bios $Id: vbe.c,v 1.64 2011/07/19 18:25:05 vruppert Exp $
00001600000i[XGUI ] charmap update. Font Height is 16
00001839323i[BIOS ] ata0-0: PCHS=121/16/63 translation=none LCHS=121/16/63
00005717748i[BIOS ] IDE time out
00008761646i[BIOS ] Booting from 0000:7c00
00008985336i[MEM0 ] allocate_block: block=0x1 used 0x3 of 0x20
00036200000i[     ] Ctrl-C detected in signal handler.
00036200000i[XGUI ] Mouse capture off
00036200000i[XGUI ] Mouse capture off
00036201000i[XGUI ] Mouse capture off
00036202000i[XGUI ] Mouse capture off
00036203000i[XGUI ] Mouse capture off
00036204000i[XGUI ] Mouse capture off
00036205000i[XGUI ] Mouse capture off
00036206000i[XGUI ] Mouse capture off
00036207000i[XGUI ] Mouse capture off
00036208000i[XGUI ] Mouse capture off
00036209000i[XGUI ] Mouse capture off
00036210000i[XGUI ] Mouse capture off
00036211000i[XGUI ] Mouse capture off
00036212000i[XGUI ] Mouse capture off
00036213000i[XGUI ] Mouse capture off
00036214000i[XGUI ] Mouse capture off
00036215000i[XGUI ] Mouse capture off
00036216000i[XGUI ] Mouse capture off
00036217000i[XGUI ] Mouse capture off
00036218000i[XGUI ] Mouse capture off
00036219000i[XGUI ] Mouse capture off
00036220000i[XGUI ] Mouse capture off
00036221000i[XGUI ] Mouse capture off
00036222000i[XGUI ] Mouse capture off
00036223000i[XGUI ] Mouse capture off
00036224000i[XGUI ] Mouse capture off
00036225000i[XGUI ] Mouse capture off
00036226000i[XGUI ] Mouse capture off
00036227000i[XGUI ] Mouse capture off
00036228000i[XGUI ] Mouse capture off
00036229000i[XGUI ] Mouse capture off
00036230000i[XGUI ] Mouse capture off
00036231000i[XGUI ] Mouse capture off
00036232000i[XGUI ] Mouse capture off
00036233000i[XGUI ] Mouse capture off
00036234000i[XGUI ] Mouse capture off
00036235000i[XGUI ] Mouse capture off
00036236000i[XGUI ] Mouse capture off
00036236001i[XGUI ] Mouse capture off
00036236002i[XGUI ] Mouse capture off
00036236003i[XGUI ] Mouse capture off
00036236004i[XGUI ] Mouse capture off
00036236005i[XGUI ] Mouse capture off
00036236006i[XGUI ] Mouse capture off
00036236007i[XGUI ] Mouse capture off
00036236008i[XGUI ] Mouse capture off
00036236009i[XGUI ] Mouse capture off
00036236010i[XGUI ] Mouse capture off
00036236011i[XGUI ] Mouse capture off
00036246011i[XGUI ] Mouse capture off
00036246012i[XGUI ] Mouse capture off
00036246013i[XGUI ] Mouse capture off
00036246014i[XGUI ] Mouse capture off
00036246015i[XGUI ] Mouse capture off
00036246016i[XGUI ] Mouse capture off
00036246017i[XGUI ] Mouse capture off
00036246018i[XGUI ] Mouse capture off
00036246019i[XGUI ] Mouse capture off
00036246020i[XGUI ] Mouse capture off
00036246021i[XGUI ] Mouse capture off
00036246022i[XGUI ] Mouse capture off
00036246023i[XGUI ] Mouse capture off
00036246024i[XGUI ] Mouse capture off
00036246025i[XGUI ] Mouse capture off
00036246026i[XGUI ] Mouse capture off
00036256026i[XGUI ] Mouse capture off
00036256027i[XGUI ] Mouse capture off
00036256028i[XGUI ] Mouse capture off
00036256029i[XGUI ] Mouse capture off
00036256030i[XGUI ] Mouse capture off
00036256031i[XGUI ] Mouse capture off
00036256032i[XGUI ] Mouse capture off
00036256033i[XGUI ] Mouse capture off
00036256034i[XGUI ] Mouse capture off
00036256035i[XGUI ] Mouse capture off
00036256036i[XGUI ] Mouse capture off
00036256037i[XGUI ] Mouse capture off
00036256040i[XGUI ] Mouse capture off
00036256041i[XGUI ] Mouse capture off
00036256042i[XGUI ] Mouse capture off
00036256043i[XGUI ] Mouse capture off
00036256044i[XGUI ] Mouse capture off
00036256045i[XGUI ] Mouse capture off
00036256046i[XGUI ] Mouse capture off
00036256047i[XGUI ] Mouse capture off
00036256048i[XGUI ] Mouse capture off
00036256049i[XGUI ] Mouse capture off
00036256050i[XGUI ] Mouse capture off
00036256803i[XGUI ] Mouse capture off
00036256804i[XGUI ] Mouse capture off
00036256805i[XGUI ] Mouse capture off
00036256806i[XGUI ] Mouse capture off
00036256807i[XGUI ] Mouse capture off
00036257046i[XGUI ] Mouse capture off
00036257047i[XGUI ] Mouse capture off
00036257048i[XGUI ] Mouse capture off
00036257049i[XGUI ] Mouse capture off
00036258299i[XGUI ] Mouse capture off
00036258300i[XGUI ] Mouse capture off
00036258301i[XGUI ] Mouse capture off
00036258302i[XGUI ] Mouse capture off
00036258303i[XGUI ] Mouse capture off
00036258304i[XGUI ] Mouse capture off
00036258305i[XGUI ] Mouse capture off
00036258305i[XGUI ] Mouse capture off
00036258305i[     ] dbg: Quit
00036258305i[CPU0 ] CPU is in protected mode (active)
00036258305i[CPU0 ] CS.mode = 32 bit
00036258305i[CPU0 ] SS.mode = 32 bit
00036258305i[CPU0 ] EFER   = 0x00000000
00036258305i[CPU0 ] | EAX=00000020  EBX=c0002480  ECX=25e00107  EDX=0000c000
00036258305i[CPU0 ] | ESP=c009efac  EBP=c009effc  ESI=00070000  EDI=00000000
00036258305i[CPU0 ] | IOPL=0 id vip vif ac vm rf nt of df if tf SF zf af pf cf
00036258305i[CPU0 ] | SEG sltr(index|ti|rpl)     base    limit G D
00036258305i[CPU0 ] |  CS:0008( 0001| 0|  0) 00000000 ffffffff 1 1
00036258305i[CPU0 ] |  DS:0010( 0002| 0|  0) 00000000 ffffffff 1 1
00036258305i[CPU0 ] |  SS:0010( 0002| 0|  0) 00000000 ffffffff 1 1
00036258305i[CPU0 ] |  ES:0010( 0002| 0|  0) 00000000 ffffffff 1 1
00036258305i[CPU0 ] |  FS:0000( 0005| 0|  0) 00000000 0000ffff 0 0
00036258305i[CPU0 ] |  GS:0018( 0003| 0|  0) c00b8000 00007fff 1 1
00036258305i[CPU0 ] | EIP=c0001600 (c0001600)
00036258305i[CPU0 ] | CR0=0xe0000011 CR2=0x00000000
00036258305i[CPU0 ] | CR3=0x00100000 CR4=0x00000000
00036258305i[CMOS ] Last time is 1749130536 (Thu Jun  5 06:35:36 2025)
00036258305i[XGUI ] Exit
00036258305i[CTRL ] quit_sim called with exit code 0
